0 verbose cli /usr/bin/node /usr/lib/node_modules/npm/bin/npm-cli.js
1 info using npm@10.9.4
2 info using node@v22.22.0
3 silly config load:file:/usr/lib/node_modules/npm/npmrc
4 silly config load:file:/home/liam/.npmrc
5 silly config load:file:/usr/etc/npmrc
6 verbose title npm exec banana-pro --help
7 verbose argv "exec" "--yes" "--" "banana-pro" "--help"
8 verbose logfile logs-max:10 dir:/home/liam/.npm/_logs/2026-01-26T08_05_16_033Z-
9 verbose logfile /home/liam/.npm/_logs/2026-01-26T08_05_16_033Z-debug-0.log
10 silly logfile start cleaning logs, removing 2 files
11 silly logfile done cleaning log files
12 silly packumentCache heap:4345298944 maxSize:1086324736 maxEntrySize:543162368
13 http fetch GET 404 https://registry.npmjs.org/banana-pro 248ms (cache skip)
14 http fetch GET 404 https://registry.npmjs.org/banana-pro 135ms (cache skip)
15 verbose stack HttpErrorGeneral: 404 Not Found - GET https://registry.npmjs.org/banana-pro - Not found
15 verbose stack     at /usr/lib/node_modules/npm/node_modules/npm-registry-fetch/lib/check-response.js:103:15
15 verbose stack     at process.processTicksAndRejections (node:internal/process/task_queues:105:5)
15 verbose stack     at async RegistryFetcher.packument (/usr/lib/node_modules/npm/node_modules/pacote/lib/registry.js:90:19)
15 verbose stack     at async RegistryFetcher.manifest (/usr/lib/node_modules/npm/node_modules/pacote/lib/registry.js:128:23)
15 verbose stack     at async getManifest (/usr/lib/node_modules/npm/node_modules/libnpmexec/lib/index.js:27:22)
15 verbose stack     at async missingFromTree (/usr/lib/node_modules/npm/node_modules/libnpmexec/lib/index.js:60:22)
15 verbose stack     at async /usr/lib/node_modules/npm/node_modules/libnpmexec/lib/index.js:182:32
15 verbose stack     at async Promise.all (index 0)
15 verbose stack     at async exec (/usr/lib/node_modules/npm/node_modules/libnpmexec/lib/index.js:180:3)
15 verbose stack     at async Npm.exec (/usr/lib/node_modules/npm/lib/npm.js:207:9)
16 verbose statusCode 404
17 verbose pkgid banana-pro@*
18 error code E404
19 error 404 Not Found - GET https://registry.npmjs.org/banana-pro - Not found
20 error 404
21 error 404  'banana-pro@*' is not in this registry.
22 error 404
23 error 404 Note that you can also install from a
24 error 404 tarball, folder, http url, or git url.
25 verbose cwd /home/liam/clawd
26 verbose os Linux 6.6.87.2-microsoft-standard-WSL2
27 verbose node v22.22.0
28 verbose npm  v10.9.4
29 verbose exit 1
30 verbose code 1
31 error A complete log of this run can be found in: /home/liam/.npm/_logs/2026-01-26T08_05_16_033Z-debug-0.log
