0 verbose cli /usr/bin/node /usr/lib/node_modules/npm/bin/npm-cli.js
1 info using npm@10.9.4
2 info using node@v22.22.0
3 silly config load:file:/usr/lib/node_modules/npm/npmrc
4 silly config load:file:/home/liam/.npmrc
5 silly config load:file:/usr/etc/npmrc
6 verbose title npm exec nano-banana --help
7 verbose argv "exec" "--yes" "--" "nano-banana" "--help"
8 verbose logfile logs-max:10 dir:/home/liam/.npm/_logs/2026-01-26T08_05_18_638Z-
9 verbose logfile /home/liam/.npm/_logs/2026-01-26T08_05_18_638Z-debug-0.log
10 silly logfile start cleaning logs, removing 1 files
11 silly logfile done cleaning log files
12 silly packumentCache heap:4345298944 maxSize:1086324736 maxEntrySize:543162368
13 http fetch GET 200 https://registry.npmjs.org/nano-banana 189ms (cache miss)
14 verbose stack Error: could not determine executable to run
14 verbose stack     at getBinFromManifest (/usr/lib/node_modules/npm/node_modules/libnpmexec/lib/get-bin-from-manifest.js:17:23)
14 verbose stack     at exec (/usr/lib/node_modules/npm/node_modules/libnpmexec/lib/index.js:202:15)
14 verbose stack     at async Npm.exec (/usr/lib/node_modules/npm/lib/npm.js:207:9)
14 verbose stack     at async module.exports (/usr/lib/node_modules/npm/lib/cli/entry.js:74:5)
15 verbose pkgid nano-banana@0.0.0
16 error could not determine executable to run
17 verbose cwd /home/liam/clawd
18 verbose os Linux 6.6.87.2-microsoft-standard-WSL2
19 verbose node v22.22.0
20 verbose npm  v10.9.4
21 verbose exit 1
22 verbose code 1
23 error A complete log of this run can be found in: /home/liam/.npm/_logs/2026-01-26T08_05_18_638Z-debug-0.log
